<?xml version="1.0" encoding="UTF-8"?>
<robot generator="Robot 3.1.2 (Python 3.8.2 on win32)" generated="20200507 17:18:16.322" rpa="false">
<suite id="s1" name="Post Auth" source="D:\Des\Robot\api-robot\testes\post_auth.robot">
<test id="s1-t1" name="Autorizando o usuário">
<kw name="Dado que o usuário submeteu suas credenciais de acesso:">
<arguments>
<arg>antonioaguiar@gmail.com</arg>
<arg>hahaha</arg>
</arguments>
<kw name="Create Dictionary" library="BuiltIn">
<doc>Creates and returns a dictionary based on the given ``items``.</doc>
<arguments>
<arg>email=${email}</arg>
<arg>password=${password}</arg>
</arguments>
<assign>
<var>&amp;{payload}</var>
</assign>
<msg timestamp="20200507 17:18:16.486" level="INFO">&amp;{payload} = { email=antonioaguiar@gmail.com | password=hahaha }</msg>
<status status="PASS" starttime="20200507 17:18:16.486" endtime="20200507 17:18:16.486"></status>
</kw>
<kw name="Set Test Variable" library="BuiltIn">
<doc>Makes a variable available everywhere within the scope of the current test.</doc>
<arguments>
<arg>${payload}</arg>
</arguments>
<msg timestamp="20200507 17:18:16.487" level="INFO">${payload} = {'email': 'antonioaguiar@gmail.com', 'password': 'hahaha'}</msg>
<status status="PASS" starttime="20200507 17:18:16.487" endtime="20200507 17:18:16.487"></status>
</kw>
<status status="PASS" starttime="20200507 17:18:16.486" endtime="20200507 17:18:16.487"></status>
</kw>
<kw name="Quanto eu faço uma requisição POST para o serviço / auth">
<kw name="Create Session" library="RequestsLibrary">
<doc>Create Session: create a HTTP session to a server</doc>
<arguments>
<arg>api</arg>
<arg>http://localhost:3000</arg>
</arguments>
<msg timestamp="20200507 17:18:16.487" level="INFO">Creating Session using : alias=api, url=http://localhost:3000, headers={},                     cookies={}, auth=None, timeout=None, proxies=None, verify=False,                     debug=0 </msg>
<status status="PASS" starttime="20200507 17:18:16.487" endtime="20200507 17:18:16.488"></status>
</kw>
<kw name="Post Request" library="RequestsLibrary">
<doc>Send a POST request on the session object found using the
given `alias`</doc>
<arguments>
<arg>api</arg>
<arg>/auth</arg>
<arg>json=${payload}</arg>
</arguments>
<assign>
<var>${resp}</var>
</assign>
<msg timestamp="20200507 17:18:16.509" level="INFO">POST Request : url=http://localhost:3000/auth 
 path_url=/auth 
 headers={'User-Agent': 'python-requests/2.23.0', 'Accept-Encoding': 'gzip, deflate', 'Accept': '*/*', 'Connection': 'keep-alive', 'Content-Length': '58', 'Content-Type': 'application/json'} 
 body=b'{"email": "antonioaguiar@gmail.com", "password": "hahaha"}' 
 </msg>
<msg timestamp="20200507 17:18:16.509" level="INFO">POST Response : url=http://localhost:3000/auth 
 status=200, reason=OK 
 body={"msg":"Tudo certo, você foi autenticado!"} 
 </msg>
<msg timestamp="20200507 17:18:16.509" level="INFO">${resp} = &lt;Response [200]&gt;</msg>
<status status="PASS" starttime="20200507 17:18:16.488" endtime="20200507 17:18:16.510"></status>
</kw>
<kw name="Set Test Variable" library="BuiltIn">
<doc>Makes a variable available everywhere within the scope of the current test.</doc>
<arguments>
<arg>${resp}</arg>
</arguments>
<msg timestamp="20200507 17:18:16.510" level="INFO">${resp} = &lt;Response [200]&gt;</msg>
<status status="PASS" starttime="20200507 17:18:16.510" endtime="20200507 17:18:16.510"></status>
</kw>
<status status="PASS" starttime="20200507 17:18:16.487" endtime="20200507 17:18:16.510"></status>
</kw>
<kw name="Então o código de status deve ser">
<arguments>
<arg>200</arg>
</arguments>
<kw name="Status Should Be" library="RequestsLibrary">
<doc>Fails if response status code is different than the expected.</doc>
<arguments>
<arg>${expect-code}</arg>
<arg>${resp}</arg>
</arguments>
<status status="PASS" starttime="20200507 17:18:16.510" endtime="20200507 17:18:16.511"></status>
</kw>
<status status="PASS" starttime="20200507 17:18:16.510" endtime="20200507 17:18:16.511"></status>
</kw>
<kw name="E a mensagem na resposta igual a">
<arguments>
<arg>Tudo certo, você foi autenticado!</arg>
</arguments>
<kw name="Should Be Equal" library="BuiltIn">
<doc>Fails if the given objects are unequal.</doc>
<arguments>
<arg>${resp.json()['msg']}</arg>
<arg>${expect-message}</arg>
</arguments>
<status status="PASS" starttime="20200507 17:18:16.511" endtime="20200507 17:18:16.512"></status>
</kw>
<status status="PASS" starttime="20200507 17:18:16.511" endtime="20200507 17:18:16.512"></status>
</kw>
<status status="PASS" starttime="20200507 17:18:16.485" endtime="20200507 17:18:16.512" critical="yes"></status>
</test>
<test id="s1-t2" name="Senha do usuário inválida">
<kw name="Dado que o usuário submeteu suas credenciais de acesso:">
<arguments>
<arg>antonioaguiar@gmail.com</arg>
<arg>kkkkkk</arg>
</arguments>
<kw name="Create Dictionary" library="BuiltIn">
<doc>Creates and returns a dictionary based on the given ``items``.</doc>
<arguments>
<arg>email=${email}</arg>
<arg>password=${password}</arg>
</arguments>
<assign>
<var>&amp;{payload}</var>
</assign>
<msg timestamp="20200507 17:18:16.514" level="INFO">&amp;{payload} = { email=antonioaguiar@gmail.com | password=kkkkkk }</msg>
<status status="PASS" starttime="20200507 17:18:16.513" endtime="20200507 17:18:16.514"></status>
</kw>
<kw name="Set Test Variable" library="BuiltIn">
<doc>Makes a variable available everywhere within the scope of the current test.</doc>
<arguments>
<arg>${payload}</arg>
</arguments>
<msg timestamp="20200507 17:18:16.514" level="INFO">${payload} = {'email': 'antonioaguiar@gmail.com', 'password': 'kkkkkk'}</msg>
<status status="PASS" starttime="20200507 17:18:16.514" endtime="20200507 17:18:16.514"></status>
</kw>
<status status="PASS" starttime="20200507 17:18:16.513" endtime="20200507 17:18:16.514"></status>
</kw>
<kw name="Quanto eu faço uma requisição POST para o serviço / auth">
<kw name="Create Session" library="RequestsLibrary">
<doc>Create Session: create a HTTP session to a server</doc>
<arguments>
<arg>api</arg>
<arg>http://localhost:3000</arg>
</arguments>
<msg timestamp="20200507 17:18:16.515" level="INFO">Creating Session using : alias=api, url=http://localhost:3000, headers={},                     cookies={}, auth=None, timeout=None, proxies=None, verify=False,                     debug=0 </msg>
<status status="PASS" starttime="20200507 17:18:16.514" endtime="20200507 17:18:16.515"></status>
</kw>
<kw name="Post Request" library="RequestsLibrary">
<doc>Send a POST request on the session object found using the
given `alias`</doc>
<arguments>
<arg>api</arg>
<arg>/auth</arg>
<arg>json=${payload}</arg>
</arguments>
<assign>
<var>${resp}</var>
</assign>
<msg timestamp="20200507 17:18:16.518" level="INFO">POST Request : url=http://localhost:3000/auth 
 path_url=/auth 
 headers={'User-Agent': 'python-requests/2.23.0', 'Accept-Encoding': 'gzip, deflate', 'Accept': '*/*', 'Connection': 'keep-alive', 'Content-Length': '58', 'Content-Type': 'application/json'} 
 body=b'{"email": "antonioaguiar@gmail.com", "password": "kkkkkk"}' 
 </msg>
<msg timestamp="20200507 17:18:16.519" level="INFO">POST Response : url=http://localhost:3000/auth 
 status=401, reason=Unauthorized 
 body=None 
 </msg>
<msg timestamp="20200507 17:18:16.519" level="INFO">${resp} = &lt;Response [401]&gt;</msg>
<status status="PASS" starttime="20200507 17:18:16.515" endtime="20200507 17:18:16.519"></status>
</kw>
<kw name="Set Test Variable" library="BuiltIn">
<doc>Makes a variable available everywhere within the scope of the current test.</doc>
<arguments>
<arg>${resp}</arg>
</arguments>
<msg timestamp="20200507 17:18:16.519" level="INFO">${resp} = &lt;Response [401]&gt;</msg>
<status status="PASS" starttime="20200507 17:18:16.519" endtime="20200507 17:18:16.519"></status>
</kw>
<status status="PASS" starttime="20200507 17:18:16.514" endtime="20200507 17:18:16.519"></status>
</kw>
<kw name="Então o código de status deve ser">
<arguments>
<arg>401</arg>
</arguments>
<kw name="Status Should Be" library="RequestsLibrary">
<doc>Fails if response status code is different than the expected.</doc>
<arguments>
<arg>${expect-code}</arg>
<arg>${resp}</arg>
</arguments>
<status status="PASS" starttime="20200507 17:18:16.520" endtime="20200507 17:18:16.520"></status>
</kw>
<status status="PASS" starttime="20200507 17:18:16.519" endtime="20200507 17:18:16.520"></status>
</kw>
<status status="PASS" starttime="20200507 17:18:16.512" endtime="20200507 17:18:16.520" critical="yes"></status>
</test>
<doc>Sendo um APP cliente (mobile, web) que recebeu os dados do usuário
Quero solicitar requisições POST para o serviço /auth
Para que o sistema possa avaliar se o usuário possui acesso.</doc>
<status status="PASS" starttime="20200507 17:18:16.323" endtime="20200507 17:18:16.521"></status>
</suite>
<statistics>
<total>
<stat pass="2" fail="0">Critical Tests</stat>
<stat pass="2" fail="0">All Tests</stat>
</total>
<tag>
</tag>
<suite>
<stat pass="2" fail="0" id="s1" name="Post Auth">Post Auth</stat>
</suite>
</statistics>
<errors>
</errors>
</robot>
