<?xml version="1.0" encoding="UTF-8"?>
<robot generator="Robot 3.1.2 (Python 3.8.2 on win32)" generated="20200511 11:13:12.776" rpa="false">
<suite id="s1" name="Formlogin" source="D:\Des\Robot\web\testes\formlogin.robot">
<test id="s1-t1" name="Login com sucesso">
<kw name="Nova sessao" library="base" type="setup">
<kw name="Open Browser" library="SeleniumLibrary">
<doc>Opens a new browser instance to the optional ``url``.</doc>
<arguments>
<arg>${url}</arg>
<arg>chrome</arg>
</arguments>
<msg timestamp="20200511 11:13:12.930" level="INFO">Opening browser 'chrome' to base url 'https://training-wheels-protocol.herokuapp.com/'.</msg>
<status status="PASS" starttime="20200511 11:13:12.930" endtime="20200511 11:13:19.573"></status>
</kw>
<status status="PASS" starttime="20200511 11:13:12.930" endtime="20200511 11:13:19.574"></status>
</kw>
<kw name="Enviar Login">
<arguments>
<arg>stark</arg>
<arg>jarvis!</arg>
</arguments>
<kw name="Go To" library="SeleniumLibrary">
<doc>Navigates the current browser window to the provided ``url``.</doc>
<arguments>
<arg>${url}/login</arg>
</arguments>
<msg timestamp="20200511 11:13:19.575" level="INFO">Opening url 'https://training-wheels-protocol.herokuapp.com//login'</msg>
<status status="PASS" starttime="20200511 11:13:19.575" endtime="20200511 11:13:20.096"></status>
</kw>
<kw name="Input Text" library="SeleniumLibrary">
<doc>Types the given ``text`` into the text field identified by ``locator``.</doc>
<arguments>
<arg>css:input[name=username]</arg>
<arg>${uname}</arg>
</arguments>
<msg timestamp="20200511 11:13:20.097" level="INFO">Typing text 'stark' into text field 'css:input[name=username]'.</msg>
<status status="PASS" starttime="20200511 11:13:20.097" endtime="20200511 11:13:20.158"></status>
</kw>
<kw name="Input Text" library="SeleniumLibrary">
<doc>Types the given ``text`` into the text field identified by ``locator``.</doc>
<arguments>
<arg>css:input[name=password]</arg>
<arg>${upass}</arg>
</arguments>
<msg timestamp="20200511 11:13:20.158" level="INFO">Typing text 'jarvis!' into text field 'css:input[name=password]'.</msg>
<status status="PASS" starttime="20200511 11:13:20.158" endtime="20200511 11:13:20.219"></status>
</kw>
<kw name="Click Element" library="SeleniumLibrary">
<doc>Click the element identified by ``locator``.</doc>
<arguments>
<arg>class:btn-login</arg>
</arguments>
<msg timestamp="20200511 11:13:20.219" level="INFO">Clicking element 'class:btn-login'.</msg>
<status status="PASS" starttime="20200511 11:13:20.219" endtime="20200511 11:13:20.744"></status>
</kw>
<status status="PASS" starttime="20200511 11:13:19.574" endtime="20200511 11:13:20.744"></status>
</kw>
<kw name="Validar nome usuario logado">
<arguments>
<arg>Tony Stark</arg>
</arguments>
<kw name="Get WebElement" library="SeleniumLibrary">
<doc>Returns the first WebElement matching the given ``locator``.</doc>
<arguments>
<arg>id:flash</arg>
</arguments>
<assign>
<var>${message}</var>
</assign>
<msg timestamp="20200511 11:13:20.755" level="INFO">${message} = &lt;selenium.webdriver.remote.webelement.WebElement (session="6ea11c81c66fc48cc2ca8f61eb590a51", element="b7806763-0113-4253-91bd-520f180c6b3a")&gt;</msg>
<status status="PASS" starttime="20200511 11:13:20.745" endtime="20200511 11:13:20.755"></status>
</kw>
<kw name="Should Contain" library="BuiltIn">
<doc>Fails if ``container`` does not contain ``item`` one or more times.</doc>
<arguments>
<arg>${message.text}</arg>
<arg>Olá, ${nome_usuario}. Você acessou a área logada!</arg>
</arguments>
<status status="PASS" starttime="20200511 11:13:20.755" endtime="20200511 11:13:20.764"></status>
</kw>
<status status="PASS" starttime="20200511 11:13:20.745" endtime="20200511 11:13:20.764"></status>
</kw>
<kw name="Encerra sessao" library="base" type="teardown">
<kw name="Capture Page Screenshot" library="SeleniumLibrary">
<doc>Takes a screenshot of the current page and embeds it into a log file.</doc>
<msg timestamp="20200511 11:13:21.132" level="INFO" html="yes">&lt;/td&gt;&lt;/tr&gt;&lt;tr&gt;&lt;td colspan="3"&gt;&lt;a href="selenium-screenshot-45.png"&gt;&lt;img src="selenium-screenshot-45.png" width="800px"&gt;&lt;/a&gt;</msg>
<status status="PASS" starttime="20200511 11:13:20.765" endtime="20200511 11:13:21.132"></status>
</kw>
<kw name="Close Browser" library="SeleniumLibrary">
<doc>Closes the current browser.</doc>
<status status="PASS" starttime="20200511 11:13:21.132" endtime="20200511 11:13:23.268"></status>
</kw>
<status status="PASS" starttime="20200511 11:13:20.765" endtime="20200511 11:13:23.268"></status>
</kw>
<tags>
<tag>login_valid</tag>
</tags>
<status status="PASS" starttime="20200511 11:13:12.929" endtime="20200511 11:13:23.268" critical="yes"></status>
</test>
<test id="s1-t2" name="Senha inválida">
<kw name="Nova sessao" library="base" type="setup">
<kw name="Open Browser" library="SeleniumLibrary">
<doc>Opens a new browser instance to the optional ``url``.</doc>
<arguments>
<arg>${url}</arg>
<arg>chrome</arg>
</arguments>
<msg timestamp="20200511 11:13:23.270" level="INFO">Opening browser 'chrome' to base url 'https://training-wheels-protocol.herokuapp.com/'.</msg>
<status status="PASS" starttime="20200511 11:13:23.270" endtime="20200511 11:13:29.992"></status>
</kw>
<status status="PASS" starttime="20200511 11:13:23.269" endtime="20200511 11:13:29.992"></status>
</kw>
<kw name="Enviar Login">
<arguments>
<arg>stark</arg>
<arg>abc123</arg>
</arguments>
<kw name="Go To" library="SeleniumLibrary">
<doc>Navigates the current browser window to the provided ``url``.</doc>
<arguments>
<arg>${url}/login</arg>
</arguments>
<msg timestamp="20200511 11:13:29.992" level="INFO">Opening url 'https://training-wheels-protocol.herokuapp.com//login'</msg>
<status status="PASS" starttime="20200511 11:13:29.992" endtime="20200511 11:13:30.493"></status>
</kw>
<kw name="Input Text" library="SeleniumLibrary">
<doc>Types the given ``text`` into the text field identified by ``locator``.</doc>
<arguments>
<arg>css:input[name=username]</arg>
<arg>${uname}</arg>
</arguments>
<msg timestamp="20200511 11:13:30.494" level="INFO">Typing text 'stark' into text field 'css:input[name=username]'.</msg>
<status status="PASS" starttime="20200511 11:13:30.493" endtime="20200511 11:13:30.555"></status>
</kw>
<kw name="Input Text" library="SeleniumLibrary">
<doc>Types the given ``text`` into the text field identified by ``locator``.</doc>
<arguments>
<arg>css:input[name=password]</arg>
<arg>${upass}</arg>
</arguments>
<msg timestamp="20200511 11:13:30.555" level="INFO">Typing text 'abc123' into text field 'css:input[name=password]'.</msg>
<status status="PASS" starttime="20200511 11:13:30.555" endtime="20200511 11:13:30.613"></status>
</kw>
<kw name="Click Element" library="SeleniumLibrary">
<doc>Click the element identified by ``locator``.</doc>
<arguments>
<arg>class:btn-login</arg>
</arguments>
<msg timestamp="20200511 11:13:30.613" level="INFO">Clicking element 'class:btn-login'.</msg>
<status status="PASS" starttime="20200511 11:13:30.613" endtime="20200511 11:13:31.164"></status>
</kw>
<status status="PASS" starttime="20200511 11:13:29.992" endtime="20200511 11:13:31.164"></status>
</kw>
<kw name="Validar mensagem retorno">
<arguments>
<arg>Senha é invalida!</arg>
</arguments>
<kw name="Get WebElement" library="SeleniumLibrary">
<doc>Returns the first WebElement matching the given ``locator``.</doc>
<arguments>
<arg>id:flash</arg>
</arguments>
<assign>
<var>${message}</var>
</assign>
<msg timestamp="20200511 11:13:31.174" level="INFO">${message} = &lt;selenium.webdriver.remote.webelement.WebElement (session="517b11a4ef3fa51a08925ce238c40053", element="a671a6f5-1f38-4df8-82f9-c86485b9bd90")&gt;</msg>
<status status="PASS" starttime="20200511 11:13:31.165" endtime="20200511 11:13:31.174"></status>
</kw>
<kw name="Should Contain" library="BuiltIn">
<doc>Fails if ``container`` does not contain ``item`` one or more times.</doc>
<arguments>
<arg>${message.text}</arg>
<arg>${umessage}</arg>
</arguments>
<status status="PASS" starttime="20200511 11:13:31.174" endtime="20200511 11:13:31.184"></status>
</kw>
<status status="PASS" starttime="20200511 11:13:31.165" endtime="20200511 11:13:31.184"></status>
</kw>
<kw name="Encerra sessao" library="base" type="teardown">
<kw name="Capture Page Screenshot" library="SeleniumLibrary">
<doc>Takes a screenshot of the current page and embeds it into a log file.</doc>
<msg timestamp="20200511 11:13:31.570" level="INFO" html="yes">&lt;/td&gt;&lt;/tr&gt;&lt;tr&gt;&lt;td colspan="3"&gt;&lt;a href="selenium-screenshot-46.png"&gt;&lt;img src="selenium-screenshot-46.png" width="800px"&gt;&lt;/a&gt;</msg>
<status status="PASS" starttime="20200511 11:13:31.185" endtime="20200511 11:13:31.570"></status>
</kw>
<kw name="Close Browser" library="SeleniumLibrary">
<doc>Closes the current browser.</doc>
<status status="PASS" starttime="20200511 11:13:31.570" endtime="20200511 11:13:33.705"></status>
</kw>
<status status="PASS" starttime="20200511 11:13:31.185" endtime="20200511 11:13:33.705"></status>
</kw>
<tags>
<tag>login_error</tag>
</tags>
<status status="PASS" starttime="20200511 11:13:23.269" endtime="20200511 11:13:33.705" critical="yes"></status>
</test>
<test id="s1-t3" name="Usuário não existe">
<kw name="Nova sessao" library="base" type="setup">
<kw name="Open Browser" library="SeleniumLibrary">
<doc>Opens a new browser instance to the optional ``url``.</doc>
<arguments>
<arg>${url}</arg>
<arg>chrome</arg>
</arguments>
<msg timestamp="20200511 11:13:33.707" level="INFO">Opening browser 'chrome' to base url 'https://training-wheels-protocol.herokuapp.com/'.</msg>
<status status="PASS" starttime="20200511 11:13:33.707" endtime="20200511 11:13:40.007"></status>
</kw>
<status status="PASS" starttime="20200511 11:13:33.707" endtime="20200511 11:13:40.007"></status>
</kw>
<kw name="Enviar Login">
<arguments>
<arg>usuario1</arg>
<arg>abc123</arg>
</arguments>
<kw name="Go To" library="SeleniumLibrary">
<doc>Navigates the current browser window to the provided ``url``.</doc>
<arguments>
<arg>${url}/login</arg>
</arguments>
<msg timestamp="20200511 11:13:40.008" level="INFO">Opening url 'https://training-wheels-protocol.herokuapp.com//login'</msg>
<status status="PASS" starttime="20200511 11:13:40.008" endtime="20200511 11:13:40.489"></status>
</kw>
<kw name="Input Text" library="SeleniumLibrary">
<doc>Types the given ``text`` into the text field identified by ``locator``.</doc>
<arguments>
<arg>css:input[name=username]</arg>
<arg>${uname}</arg>
</arguments>
<msg timestamp="20200511 11:13:40.489" level="INFO">Typing text 'usuario1' into text field 'css:input[name=username]'.</msg>
<status status="PASS" starttime="20200511 11:13:40.489" endtime="20200511 11:13:40.552"></status>
</kw>
<kw name="Input Text" library="SeleniumLibrary">
<doc>Types the given ``text`` into the text field identified by ``locator``.</doc>
<arguments>
<arg>css:input[name=password]</arg>
<arg>${upass}</arg>
</arguments>
<msg timestamp="20200511 11:13:40.553" level="INFO">Typing text 'abc123' into text field 'css:input[name=password]'.</msg>
<status status="PASS" starttime="20200511 11:13:40.552" endtime="20200511 11:13:40.609"></status>
</kw>
<kw name="Click Element" library="SeleniumLibrary">
<doc>Click the element identified by ``locator``.</doc>
<arguments>
<arg>class:btn-login</arg>
</arguments>
<msg timestamp="20200511 11:13:40.610" level="INFO">Clicking element 'class:btn-login'.</msg>
<status status="PASS" starttime="20200511 11:13:40.610" endtime="20200511 11:13:41.089"></status>
</kw>
<status status="PASS" starttime="20200511 11:13:40.007" endtime="20200511 11:13:41.089"></status>
</kw>
<kw name="Validar mensagem retorno">
<arguments>
<arg>O usuário informado não está cadastrado!</arg>
</arguments>
<kw name="Get WebElement" library="SeleniumLibrary">
<doc>Returns the first WebElement matching the given ``locator``.</doc>
<arguments>
<arg>id:flash</arg>
</arguments>
<assign>
<var>${message}</var>
</assign>
<msg timestamp="20200511 11:13:41.097" level="INFO">${message} = &lt;selenium.webdriver.remote.webelement.WebElement (session="94e763effab21b0f8bf616d376deb7fa", element="4f543d89-8022-4751-acc6-d27fb84a6978")&gt;</msg>
<status status="PASS" starttime="20200511 11:13:41.089" endtime="20200511 11:13:41.097"></status>
</kw>
<kw name="Should Contain" library="BuiltIn">
<doc>Fails if ``container`` does not contain ``item`` one or more times.</doc>
<arguments>
<arg>${message.text}</arg>
<arg>${umessage}</arg>
</arguments>
<status status="PASS" starttime="20200511 11:13:41.098" endtime="20200511 11:13:41.107"></status>
</kw>
<status status="PASS" starttime="20200511 11:13:41.089" endtime="20200511 11:13:41.107"></status>
</kw>
<kw name="Encerra sessao" library="base" type="teardown">
<kw name="Capture Page Screenshot" library="SeleniumLibrary">
<doc>Takes a screenshot of the current page and embeds it into a log file.</doc>
<msg timestamp="20200511 11:13:41.487" level="INFO" html="yes">&lt;/td&gt;&lt;/tr&gt;&lt;tr&gt;&lt;td colspan="3"&gt;&lt;a href="selenium-screenshot-47.png"&gt;&lt;img src="selenium-screenshot-47.png" width="800px"&gt;&lt;/a&gt;</msg>
<status status="PASS" starttime="20200511 11:13:41.108" endtime="20200511 11:13:41.487"></status>
</kw>
<kw name="Close Browser" library="SeleniumLibrary">
<doc>Closes the current browser.</doc>
<status status="PASS" starttime="20200511 11:13:41.487" endtime="20200511 11:13:43.616"></status>
</kw>
<status status="PASS" starttime="20200511 11:13:41.108" endtime="20200511 11:13:43.616"></status>
</kw>
<tags>
<tag>user_notfound</tag>
</tags>
<status status="PASS" starttime="20200511 11:13:33.706" endtime="20200511 11:13:43.616" critical="yes"></status>
</test>
<status status="PASS" starttime="20200511 11:13:12.777" endtime="20200511 11:13:43.617"></status>
</suite>
<statistics>
<total>
<stat pass="3" fail="0">Critical Tests</stat>
<stat pass="3" fail="0">All Tests</stat>
</total>
<tag>
<stat pass="1" fail="0">login_error</stat>
<stat pass="1" fail="0">login_valid</stat>
<stat pass="1" fail="0">user_notfound</stat>
</tag>
<suite>
<stat pass="3" fail="0" id="s1" name="Formlogin">Formlogin</stat>
</suite>
</statistics>
<errors>
</errors>
</robot>
